<?xml version="1.0" encoding="UTF-8"?>
<testng-results ignored="0" total="1" passed="1" failed="0" skipped="0">
  <reporter-output>
  </reporter-output>
  <suite started-at="2024-07-15T20:18:12 EET" name="Default suite" finished-at="2024-07-15T20:18:14 EET" duration-ms="2099">
    <groups>
    </groups>
    <test started-at="2024-07-15T20:18:12 EET" name="Default test" finished-at="2024-07-15T20:18:14 EET" duration-ms="2099">
      <class name="MyTestcases">
        <test-method is-config="true" signature="mySetup()[pri:0, instance:MyTestcases@44c79f32]" started-at="2024-07-15T20:18:12 EET" name="mySetup" finished-at="2024-07-15T20:18:12 EET" duration-ms="435" status="PASS">
          <reporter-output>
          </reporter-output>
        </test-method> <!-- mySetup -->
        <test-method signature="Login()[pri:0, instance:MyTestcases@44c79f32]" started-at="2024-07-15T20:18:12 EET" name="Login" finished-at="2024-07-15T20:18:14 EET" duration-ms="1638" status="PASS">
          <reporter-output>
          </reporter-output>
        </test-method> <!-- Login -->
        <test-method is-config="true" signature="AfterTesting()[pri:0, instance:MyTestcases@44c79f32]" started-at="2024-07-15T20:18:14 EET" name="AfterTesting" finished-at="2024-07-15T20:18:14 EET" duration-ms="0" status="PASS">
          <reporter-output>
          </reporter-output>
        </test-method> <!-- AfterTesting -->
      </class> <!-- MyTestcases -->
    </test> <!-- Default test -->
  </suite> <!-- Default suite -->
</testng-results>
